[2025-12-24 00:32:39] [INFO] ============================================================
[2025-12-24 00:32:39] [INFO] BonfaceTech Mouse Mover Pro - Initialized
[2025-12-24 00:32:39] [INFO] Screen: 1366x768
[2025-12-24 00:32:39] [INFO] Mode: HUMAN
[2025-12-24 00:32:39] [INFO] ============================================================
[2025-12-24 00:33:08] [INFO] Mouse Mover STARTED
[2025-12-24 00:33:08] [INFO] Move mouse to any corner to trigger failsafe
[2025-12-24 00:34:43] [INFO] Stopped by user (Ctrl+C)
[2025-12-24 00:34:43] [INFO] Mouse Mover STOPPED
[2025-12-24 00:34:47] [INFO] Mouse Mover STARTED
[2025-12-24 00:34:47] [INFO] Move mouse to any corner to trigger failsafe
[2025-12-24 00:40:06] [INFO] Stopped by user (Ctrl+C)
[2025-12-24 00:40:06] [INFO] Mouse Mover STOPPED
[2025-12-24 00:40:12] [INFO] Mouse Mover STARTED
[2025-12-24 00:40:12] [INFO] Move mouse to any corner to trigger failsafe
[2025-12-24 00:40:26] [INFO] Stopped by user (Ctrl+C)
[2025-12-24 00:40:26] [INFO] Mouse Mover STOPPED
[2025-12-24 00:40:30] [INFO] Mouse Mover STARTED
[2025-12-24 00:40:30] [INFO] Move mouse to any corner to trigger failsafe
[2025-12-24 00:40:42] [INFO] Stopped by user (Ctrl+C)
[2025-12-24 00:40:42] [INFO] Mouse Mover STOPPED
[2025-12-24 00:40:46] [INFO] Mouse Mover STARTED
[2025-12-24 00:40:46] [INFO] Move mouse to any corner to trigger failsafe
[2025-12-24 00:41:05] [INFO] Stopped by user (Ctrl+C)
[2025-12-24 00:41:05] [INFO] Mouse Mover STOPPED
[2025-12-24 00:41:32] [INFO] Mouse Mover STARTED
[2025-12-24 00:41:32] [INFO] Move mouse to any corner to trigger failsafe
[2025-12-24 01:08:03] [INFO] Stopped by user (Ctrl+C)
[2025-12-24 01:08:03] [INFO] Mouse Mover STOPPED
[2025-12-24 01:08:07] [INFO] Mouse Mover STARTED
[2025-12-24 01:08:07] [INFO] Move mouse to any corner to trigger failsafe
[2025-12-24 01:08:10] [INFO] Stopped by user (Ctrl+C)
[2025-12-24 01:08:10] [INFO] Mouse Mover STOPPED
[2025-12-24 01:08:19] [INFO] ============================================================
[2025-12-24 01:08:19] [INFO] Thanks for trusting BonfaceTech Tools!
[2025-12-24 01:08:19] [INFO] ============================================================
[2025-12-24 07:53:14] [INFO] ============================================================
[2025-12-24 07:53:14] [INFO] BonfaceTech Mouse Mover Pro - Initialized
[2025-12-24 07:53:14] [INFO] Screen: 1366x768
[2025-12-24 07:53:14] [INFO] Mode: HUMAN
[2025-12-24 07:53:14] [INFO] ============================================================
[2025-12-24 07:53:34] [INFO] Mouse Mover STARTED
[2025-12-24 07:53:34] [INFO] Move mouse to any corner to trigger failsafe
[2025-12-24 07:54:22] [INFO] Stopped by user (Ctrl+C)
[2025-12-24 07:54:22] [INFO] Mouse Mover STOPPED
[2025-12-24 07:54:25] [INFO] ============================================================
[2025-12-24 07:54:25] [INFO] Thanks for trusting BonfaceTech Tools!
[2025-12-24 07:54:25] [INFO] ============================================================
[2025-12-24 07:54:36] [INFO] ============================================================
[2025-12-24 07:54:36] [INFO] BonfaceTech Mouse Mover Pro - Initialized
[2025-12-24 07:54:36] [INFO] Screen: 1366x768
[2025-12-24 07:54:36] [INFO] Mode: HUMAN
[2025-12-24 07:54:36] [INFO] ============================================================
[2025-12-24 07:54:48] [INFO] Mouse Mover STARTED
[2025-12-24 07:54:48] [INFO] Move mouse to any corner to trigger failsafe
[2025-12-24 07:54:57] [INFO] Stopped by user (Ctrl+C)
[2025-12-24 07:54:57] [INFO] Mouse Mover STOPPED
[2025-12-24 07:55:01] [INFO] ============================================================
[2025-12-24 07:55:01] [INFO] Thanks for trusting BonfaceTech Tools!
[2025-12-24 07:55:01] [INFO] ============================================================
[2025-12-24 07:55:32] [INFO] ============================================================
[2025-12-24 07:55:32] [INFO] BonfaceTech Mouse Mover Pro - Initialized
[2025-12-24 07:55:32] [INFO] Screen: 1366x768
[2025-12-24 07:55:32] [INFO] Mode: HUMAN
[2025-12-24 07:55:32] [INFO] ============================================================
[2025-12-24 07:55:39] [INFO] Mouse Mover STARTED
[2025-12-24 07:55:39] [INFO] Move mouse to any corner to trigger failsafe
[2025-12-24 07:57:26] [INFO] Stopped by user (Ctrl+C)
[2025-12-24 07:57:26] [INFO] Mouse Mover STOPPED
